c:\users\admin\documents\tetra-ds\tetra-ds_braitenberg\stargazer\debug\vc120.pdb
c:\users\admin\documents\tetra-ds\tetra-ds_braitenberg\stargazer\debug\vc120.idb
c:\users\admin\documents\tetra-ds\tetra-ds_braitenberg\stargazer\debug\stargazer.obj
c:\users\admin\documents\tetra-ds\tetra-ds_odometry\stargazer\debug\vc120.pdb
c:\users\admin\documents\tetra-ds\tetra-ds_odometry\stargazer\debug\vc120.idb
c:\users\admin\documents\tetra-ds\tetra-ds_odometry\stargazer\debug\stargazer.obj
c:\users\admin\documents\tetra-ds\tetra-ds_lrf\stargazer\debug\vc120.pdb
c:\users\admin\documents\tetra-ds\tetra-ds_lrf\stargazer\debug\vc120.idb
c:\users\admin\documents\tetra-ds\tetra-ds_lrf\stargazer\debug\stargazer.obj
c:\users\admin\documents\tetra-ds\tetra-ds_lrf_localization\stargazer\debug\vc120.pdb
c:\users\admin\documents\tetra-ds\tetra-ds_lrf_localization\stargazer\debug\vc120.idb
c:\users\admin\documents\tetra-ds\tetra-ds_lrf_localization\stargazer\debug\stargazer.obj
c:\users\admin\documents\tetra-ds\tetra-ds_braitenberg\debug\stargazer.ilk
c:\users\admin\documents\tetra-ds\tetra-ds_braitenberg\debug\stargazer.exe
c:\users\admin\documents\tetra-ds\tetra-ds_braitenberg\debug\stargazer.pdb
c:\users\admin\documents\tetra-ds\tetra-ds_odometry\debug\stargazer.ilk
c:\users\admin\documents\tetra-ds\tetra-ds_odometry\debug\stargazer.exe
c:\users\admin\documents\tetra-ds\tetra-ds_odometry\debug\stargazer.pdb
c:\users\admin\documents\tetra-ds\tetra-ds_lrf\debug\stargazer.ilk
c:\users\admin\documents\tetra-ds\tetra-ds_lrf\debug\stargazer.exe
c:\users\admin\documents\tetra-ds\tetra-ds_lrf\debug\stargazer.pdb
c:\users\admin\documents\tetra-ds\tetra-ds_lrf_localization\debug\stargazer.ilk
c:\users\admin\documents\tetra-ds\tetra-ds_lrf_localization\debug\stargazer.exe
c:\users\admin\documents\tetra-ds\tetra-ds_lrf_localization\debug\stargazer.pdb
c:\users\admin\documents\tetra-ds\tetra-ds_lrf_localization\stargazer\debug\stargazer.exe.embed.manifest
c:\users\admin\documents\tetra-ds\tetra-ds_lrf_localization\stargazer\debug\stargazer.exe.intermediate.manifest
c:\users\admin\documents\tetra-ds\tetra-ds_lrf_localization\stargazer\debug\stargazer.exe.embed.manifest.res
c:\users\admin\documents\tetra-ds\tetra-ds_lrf_localization\stargazer\debug\vc90.idb
c:\users\admin\documents\tetra-ds\tetra-ds_lrf_localization\stargazer\debug\vc90.pdb
c:\users\admin\documents\tetra-ds\tetra-ds_lrf_localization\stargazer\debug\stargazer.tlog\cl.command.1.tlog
c:\users\admin\documents\tetra-ds\tetra-ds_lrf_localization\stargazer\debug\stargazer.tlog\cl.read.1.tlog
c:\users\admin\documents\tetra-ds\tetra-ds_lrf_localization\stargazer\debug\stargazer.tlog\cl.write.1.tlog
c:\users\admin\documents\tetra-ds\tetra-ds_lrf_localization\stargazer\debug\stargazer.tlog\link.command.1.tlog
c:\users\admin\documents\tetra-ds\tetra-ds_lrf_localization\stargazer\debug\stargazer.tlog\link.read.1.tlog
c:\users\admin\documents\tetra-ds\tetra-ds_lrf_localization\stargazer\debug\stargazer.tlog\link.write.1.tlog
