c:\users\admin\documents\tetra-ds\tetra-ds_braitenberg\lrf\debug\vc120.pdb
c:\users\admin\documents\tetra-ds\tetra-ds_braitenberg\lrf\debug\vc120.idb
c:\users\admin\documents\tetra-ds\tetra-ds_braitenberg\lrf\debug\lrf.obj
c:\users\admin\documents\tetra-ds\tetra-ds_odometry\lrf\debug\vc120.pdb
c:\users\admin\documents\tetra-ds\tetra-ds_odometry\lrf\debug\vc120.idb
c:\users\admin\documents\tetra-ds\tetra-ds_odometry\lrf\debug\lrf.obj
c:\users\admin\documents\tetra-ds\tetra-ds_lrf\lrf\debug\vc120.pdb
c:\users\admin\documents\tetra-ds\tetra-ds_lrf\lrf\debug\vc120.idb
c:\users\admin\documents\tetra-ds\tetra-ds_lrf\lrf\debug\lrf.obj
c:\users\admin\documents\tetra-ds\tetra-ds_lrf_localization\lrf\debug\vc120.pdb
c:\users\admin\documents\tetra-ds\tetra-ds_lrf_localization\lrf\debug\vc120.idb
c:\users\admin\documents\tetra-ds\tetra-ds_lrf_localization\lrf\debug\lrf.obj
c:\users\admin\documents\tetra-ds\tetra-ds_braitenberg\debug\lrf.ilk
c:\users\admin\documents\tetra-ds\tetra-ds_braitenberg\debug\lrf.exe
c:\users\admin\documents\tetra-ds\tetra-ds_braitenberg\debug\lrf.pdb
c:\users\admin\documents\tetra-ds\tetra-ds_odometry\debug\lrf.ilk
c:\users\admin\documents\tetra-ds\tetra-ds_odometry\debug\lrf.exe
c:\users\admin\documents\tetra-ds\tetra-ds_odometry\debug\lrf.pdb
c:\users\admin\documents\tetra-ds\tetra-ds_lrf\debug\lrf.ilk
c:\users\admin\documents\tetra-ds\tetra-ds_lrf\debug\lrf.exe
c:\users\admin\documents\tetra-ds\tetra-ds_lrf\debug\lrf.pdb
c:\users\admin\documents\tetra-ds\tetra-ds_lrf_localization\debug\lrf.ilk
c:\users\admin\documents\tetra-ds\tetra-ds_lrf_localization\debug\lrf.exe
c:\users\admin\documents\tetra-ds\tetra-ds_lrf_localization\debug\lrf.pdb
c:\users\admin\documents\tetra-ds\tetra-ds_lrf_localization\lrf\debug\lrf.exe.embed.manifest
c:\users\admin\documents\tetra-ds\tetra-ds_lrf_localization\lrf\debug\lrf.exe.intermediate.manifest
c:\users\admin\documents\tetra-ds\tetra-ds_lrf_localization\lrf\debug\lrf.exe.embed.manifest.res
c:\users\admin\documents\tetra-ds\tetra-ds_lrf_localization\lrf\debug\vc90.idb
c:\users\admin\documents\tetra-ds\tetra-ds_lrf_localization\lrf\debug\vc90.pdb
c:\users\admin\documents\tetra-ds\tetra-ds_lrf_localization\lrf\debug\lrf.tlog\cl.command.1.tlog
c:\users\admin\documents\tetra-ds\tetra-ds_lrf_localization\lrf\debug\lrf.tlog\cl.read.1.tlog
c:\users\admin\documents\tetra-ds\tetra-ds_lrf_localization\lrf\debug\lrf.tlog\cl.write.1.tlog
c:\users\admin\documents\tetra-ds\tetra-ds_lrf_localization\lrf\debug\lrf.tlog\link.command.1.tlog
c:\users\admin\documents\tetra-ds\tetra-ds_lrf_localization\lrf\debug\lrf.tlog\link.read.1.tlog
c:\users\admin\documents\tetra-ds\tetra-ds_lrf_localization\lrf\debug\lrf.tlog\link.write.1.tlog
