c:\users\admin\documents\tetra-ds\tetra-ds_braitenberg\emergency\debug\vc120.pdb
c:\users\admin\documents\tetra-ds\tetra-ds_braitenberg\emergency\debug\vc120.idb
c:\users\admin\documents\tetra-ds\tetra-ds_braitenberg\emergency\debug\emergency.obj
c:\users\admin\documents\tetra-ds\tetra-ds_odometry\emergency\debug\vc120.pdb
c:\users\admin\documents\tetra-ds\tetra-ds_odometry\emergency\debug\vc120.idb
c:\users\admin\documents\tetra-ds\tetra-ds_odometry\emergency\debug\emergency.obj
c:\users\admin\documents\tetra-ds\tetra-ds_lrf\emergency\debug\vc120.pdb
c:\users\admin\documents\tetra-ds\tetra-ds_lrf\emergency\debug\vc120.idb
c:\users\admin\documents\tetra-ds\tetra-ds_lrf\emergency\debug\emergency.obj
c:\users\admin\documents\tetra-ds\tetra-ds_lrf_localization\emergency\debug\vc120.pdb
c:\users\admin\documents\tetra-ds\tetra-ds_lrf_localization\emergency\debug\vc120.idb
c:\users\admin\documents\tetra-ds\tetra-ds_lrf_localization\emergency\debug\emergency.obj
c:\users\admin\documents\tetra-ds\tetra-ds_braitenberg\debug\emergency.ilk
c:\users\admin\documents\tetra-ds\tetra-ds_braitenberg\debug\emergency.exe
c:\users\admin\documents\tetra-ds\tetra-ds_braitenberg\debug\emergency.pdb
c:\users\admin\documents\tetra-ds\tetra-ds_odometry\debug\emergency.ilk
c:\users\admin\documents\tetra-ds\tetra-ds_odometry\debug\emergency.exe
c:\users\admin\documents\tetra-ds\tetra-ds_odometry\debug\emergency.pdb
c:\users\admin\documents\tetra-ds\tetra-ds_lrf\debug\emergency.ilk
c:\users\admin\documents\tetra-ds\tetra-ds_lrf\debug\emergency.exe
c:\users\admin\documents\tetra-ds\tetra-ds_lrf\debug\emergency.pdb
c:\users\admin\documents\tetra-ds\tetra-ds_lrf_localization\debug\emergency.ilk
c:\users\admin\documents\tetra-ds\tetra-ds_lrf_localization\debug\emergency.exe
c:\users\admin\documents\tetra-ds\tetra-ds_lrf_localization\debug\emergency.pdb
c:\users\admin\documents\tetra-ds\tetra-ds_lrf_localization\emergency\debug\emergency.exe.embed.manifest
c:\users\admin\documents\tetra-ds\tetra-ds_lrf_localization\emergency\debug\emergency.exe.intermediate.manifest
c:\users\admin\documents\tetra-ds\tetra-ds_lrf_localization\emergency\debug\emergency.exe.embed.manifest.res
c:\users\admin\documents\tetra-ds\tetra-ds_lrf_localization\emergency\debug\vc90.idb
c:\users\admin\documents\tetra-ds\tetra-ds_lrf_localization\emergency\debug\vc90.pdb
c:\users\admin\documents\tetra-ds\tetra-ds_lrf_localization\emergency\debug\emergency.tlog\cl.command.1.tlog
c:\users\admin\documents\tetra-ds\tetra-ds_lrf_localization\emergency\debug\emergency.tlog\cl.read.1.tlog
c:\users\admin\documents\tetra-ds\tetra-ds_lrf_localization\emergency\debug\emergency.tlog\cl.write.1.tlog
c:\users\admin\documents\tetra-ds\tetra-ds_lrf_localization\emergency\debug\emergency.tlog\link.command.1.tlog
c:\users\admin\documents\tetra-ds\tetra-ds_lrf_localization\emergency\debug\emergency.tlog\link.read.1.tlog
c:\users\admin\documents\tetra-ds\tetra-ds_lrf_localization\emergency\debug\emergency.tlog\link.write.1.tlog
