c:\users\admin\documents\tetra-ds\tetra-ds_braitenberg\powermodule\debug\vc120.pdb
c:\users\admin\documents\tetra-ds\tetra-ds_braitenberg\powermodule\debug\vc120.idb
c:\users\admin\documents\tetra-ds\tetra-ds_braitenberg\powermodule\debug\power_module.obj
c:\users\admin\documents\tetra-ds\tetra-ds_odometry\powermodule\debug\vc120.pdb
c:\users\admin\documents\tetra-ds\tetra-ds_odometry\powermodule\debug\vc120.idb
c:\users\admin\documents\tetra-ds\tetra-ds_odometry\powermodule\debug\power_module.obj
c:\users\admin\documents\tetra-ds\tetra-ds_lrf\powermodule\debug\vc120.pdb
c:\users\admin\documents\tetra-ds\tetra-ds_lrf\powermodule\debug\vc120.idb
c:\users\admin\documents\tetra-ds\tetra-ds_lrf\powermodule\debug\power_module.obj
c:\users\admin\documents\tetra-ds\tetra-ds_lrf_localization\powermodule\debug\vc120.pdb
c:\users\admin\documents\tetra-ds\tetra-ds_lrf_localization\powermodule\debug\vc120.idb
c:\users\admin\documents\tetra-ds\tetra-ds_lrf_localization\powermodule\debug\power_module.obj
c:\users\admin\documents\tetra-ds\tetra-ds_braitenberg\debug\powermodule.ilk
c:\users\admin\documents\tetra-ds\tetra-ds_braitenberg\debug\powermodule.exe
c:\users\admin\documents\tetra-ds\tetra-ds_braitenberg\debug\powermodule.pdb
c:\users\admin\documents\tetra-ds\tetra-ds_odometry\debug\powermodule.ilk
c:\users\admin\documents\tetra-ds\tetra-ds_odometry\debug\powermodule.exe
c:\users\admin\documents\tetra-ds\tetra-ds_odometry\debug\powermodule.pdb
c:\users\admin\documents\tetra-ds\tetra-ds_lrf\debug\powermodule.ilk
c:\users\admin\documents\tetra-ds\tetra-ds_lrf\debug\powermodule.exe
c:\users\admin\documents\tetra-ds\tetra-ds_lrf\debug\powermodule.pdb
c:\users\admin\documents\tetra-ds\tetra-ds_lrf_localization\debug\powermodule.ilk
c:\users\admin\documents\tetra-ds\tetra-ds_lrf_localization\debug\powermodule.exe
c:\users\admin\documents\tetra-ds\tetra-ds_lrf_localization\debug\powermodule.pdb
c:\users\admin\documents\tetra-ds\tetra-ds_lrf_localization\powermodule\debug\powermodule.exe.embed.manifest
c:\users\admin\documents\tetra-ds\tetra-ds_lrf_localization\powermodule\debug\powermodule.exe.intermediate.manifest
c:\users\admin\documents\tetra-ds\tetra-ds_lrf_localization\powermodule\debug\powermodule.exe.embed.manifest.res
c:\users\admin\documents\tetra-ds\tetra-ds_lrf_localization\powermodule\debug\vc90.idb
c:\users\admin\documents\tetra-ds\tetra-ds_lrf_localization\powermodule\debug\vc90.pdb
c:\users\admin\documents\tetra-ds\tetra-ds_lrf_localization\powermodule\debug\powermodule.tlog\cl.command.1.tlog
c:\users\admin\documents\tetra-ds\tetra-ds_lrf_localization\powermodule\debug\powermodule.tlog\cl.read.1.tlog
c:\users\admin\documents\tetra-ds\tetra-ds_lrf_localization\powermodule\debug\powermodule.tlog\cl.write.1.tlog
c:\users\admin\documents\tetra-ds\tetra-ds_lrf_localization\powermodule\debug\powermodule.tlog\link.command.1.tlog
c:\users\admin\documents\tetra-ds\tetra-ds_lrf_localization\powermodule\debug\powermodule.tlog\link.read.1.tlog
c:\users\admin\documents\tetra-ds\tetra-ds_lrf_localization\powermodule\debug\powermodule.tlog\link.write.1.tlog
