c:\users\admin\documents\tetra-ds\tetra-ds_braitenberg\usonic_sensor\debug\vc120.pdb
c:\users\admin\documents\tetra-ds\tetra-ds_braitenberg\usonic_sensor\debug\vc120.idb
c:\users\admin\documents\tetra-ds\tetra-ds_braitenberg\usonic_sensor\debug\usonic_sensor.obj
c:\users\admin\documents\tetra-ds\tetra-ds_odometry\usonic_sensor\debug\vc120.pdb
c:\users\admin\documents\tetra-ds\tetra-ds_odometry\usonic_sensor\debug\vc120.idb
c:\users\admin\documents\tetra-ds\tetra-ds_odometry\usonic_sensor\debug\usonic_sensor.obj
c:\users\admin\documents\tetra-ds\tetra-ds_lrf\usonic_sensor\debug\vc120.pdb
c:\users\admin\documents\tetra-ds\tetra-ds_lrf\usonic_sensor\debug\vc120.idb
c:\users\admin\documents\tetra-ds\tetra-ds_lrf\usonic_sensor\debug\usonic_sensor.obj
c:\users\admin\documents\tetra-ds\tetra-ds_lrf_localization\usonic_sensor\debug\vc120.pdb
c:\users\admin\documents\tetra-ds\tetra-ds_lrf_localization\usonic_sensor\debug\vc120.idb
c:\users\admin\documents\tetra-ds\tetra-ds_lrf_localization\usonic_sensor\debug\usonic_sensor.obj
c:\users\admin\documents\tetra-ds\tetra-ds_braitenberg\debug\usonic_sensor.ilk
c:\users\admin\documents\tetra-ds\tetra-ds_braitenberg\debug\usonic_sensor.exe
c:\users\admin\documents\tetra-ds\tetra-ds_braitenberg\debug\usonic_sensor.pdb
c:\users\admin\documents\tetra-ds\tetra-ds_odometry\debug\usonic_sensor.ilk
c:\users\admin\documents\tetra-ds\tetra-ds_odometry\debug\usonic_sensor.exe
c:\users\admin\documents\tetra-ds\tetra-ds_odometry\debug\usonic_sensor.pdb
c:\users\admin\documents\tetra-ds\tetra-ds_lrf\debug\usonic_sensor.ilk
c:\users\admin\documents\tetra-ds\tetra-ds_lrf\debug\usonic_sensor.exe
c:\users\admin\documents\tetra-ds\tetra-ds_lrf\debug\usonic_sensor.pdb
c:\users\admin\documents\tetra-ds\tetra-ds_lrf_localization\debug\usonic_sensor.ilk
c:\users\admin\documents\tetra-ds\tetra-ds_lrf_localization\debug\usonic_sensor.exe
c:\users\admin\documents\tetra-ds\tetra-ds_lrf_localization\debug\usonic_sensor.pdb
c:\users\admin\documents\tetra-ds\tetra-ds_lrf_localization\usonic_sensor\debug\usonic_sensor.exe.embed.manifest
c:\users\admin\documents\tetra-ds\tetra-ds_lrf_localization\usonic_sensor\debug\usonic_sensor.exe.intermediate.manifest
c:\users\admin\documents\tetra-ds\tetra-ds_lrf_localization\usonic_sensor\debug\usonic_sensor.exe.embed.manifest.res
c:\users\admin\documents\tetra-ds\tetra-ds_lrf_localization\usonic_sensor\debug\vc90.idb
c:\users\admin\documents\tetra-ds\tetra-ds_lrf_localization\usonic_sensor\debug\vc90.pdb
c:\users\admin\documents\tetra-ds\tetra-ds_lrf_localization\usonic_sensor\debug\usonic_sensor.tlog\cl.command.1.tlog
c:\users\admin\documents\tetra-ds\tetra-ds_lrf_localization\usonic_sensor\debug\usonic_sensor.tlog\cl.read.1.tlog
c:\users\admin\documents\tetra-ds\tetra-ds_lrf_localization\usonic_sensor\debug\usonic_sensor.tlog\cl.write.1.tlog
c:\users\admin\documents\tetra-ds\tetra-ds_lrf_localization\usonic_sensor\debug\usonic_sensor.tlog\link.command.1.tlog
c:\users\admin\documents\tetra-ds\tetra-ds_lrf_localization\usonic_sensor\debug\usonic_sensor.tlog\link.read.1.tlog
c:\users\admin\documents\tetra-ds\tetra-ds_lrf_localization\usonic_sensor\debug\usonic_sensor.tlog\link.write.1.tlog
