c:\users\admin\documents\tetra-ds\tetra-ds_braitenberg\bumper_sensor\debug\vc120.pdb
c:\users\admin\documents\tetra-ds\tetra-ds_braitenberg\bumper_sensor\debug\vc120.idb
c:\users\admin\documents\tetra-ds\tetra-ds_braitenberg\bumper_sensor\debug\bumper_sensor.obj
c:\users\admin\documents\tetra-ds\tetra-ds_odometry\bumper_sensor\debug\vc120.pdb
c:\users\admin\documents\tetra-ds\tetra-ds_odometry\bumper_sensor\debug\vc120.idb
c:\users\admin\documents\tetra-ds\tetra-ds_odometry\bumper_sensor\debug\bumper_sensor.obj
c:\users\admin\documents\tetra-ds\tetra-ds_lrf\bumper_sensor\debug\vc120.pdb
c:\users\admin\documents\tetra-ds\tetra-ds_lrf\bumper_sensor\debug\vc120.idb
c:\users\admin\documents\tetra-ds\tetra-ds_lrf\bumper_sensor\debug\bumper_sensor.obj
c:\users\admin\documents\tetra-ds\tetra-ds_lrf_localization\bumper_sensor\debug\vc120.pdb
c:\users\admin\documents\tetra-ds\tetra-ds_lrf_localization\bumper_sensor\debug\vc120.idb
c:\users\admin\documents\tetra-ds\tetra-ds_lrf_localization\bumper_sensor\debug\bumper_sensor.obj
c:\users\admin\documents\tetra-ds\tetra-ds_braitenberg\debug\bumper_sensor.ilk
c:\users\admin\documents\tetra-ds\tetra-ds_braitenberg\debug\bumper_sensor.exe
c:\users\admin\documents\tetra-ds\tetra-ds_braitenberg\debug\bumper_sensor.pdb
c:\users\admin\documents\tetra-ds\tetra-ds_odometry\debug\bumper_sensor.ilk
c:\users\admin\documents\tetra-ds\tetra-ds_odometry\debug\bumper_sensor.exe
c:\users\admin\documents\tetra-ds\tetra-ds_odometry\debug\bumper_sensor.pdb
c:\users\admin\documents\tetra-ds\tetra-ds_lrf\debug\bumper_sensor.ilk
c:\users\admin\documents\tetra-ds\tetra-ds_lrf\debug\bumper_sensor.exe
c:\users\admin\documents\tetra-ds\tetra-ds_lrf\debug\bumper_sensor.pdb
c:\users\admin\documents\tetra-ds\tetra-ds_lrf_localization\debug\bumper_sensor.ilk
c:\users\admin\documents\tetra-ds\tetra-ds_lrf_localization\debug\bumper_sensor.exe
c:\users\admin\documents\tetra-ds\tetra-ds_lrf_localization\debug\bumper_sensor.pdb
c:\users\admin\documents\tetra-ds\tetra-ds_lrf_localization\bumper_sensor\debug\bumper_sensor.exe.embed.manifest
c:\users\admin\documents\tetra-ds\tetra-ds_lrf_localization\bumper_sensor\debug\bumper_sensor.exe.intermediate.manifest
c:\users\admin\documents\tetra-ds\tetra-ds_lrf_localization\bumper_sensor\debug\bumper_sensor.exe.embed.manifest.res
c:\users\admin\documents\tetra-ds\tetra-ds_lrf_localization\bumper_sensor\debug\vc90.idb
c:\users\admin\documents\tetra-ds\tetra-ds_lrf_localization\bumper_sensor\debug\vc90.pdb
c:\users\admin\documents\tetra-ds\tetra-ds_lrf_localization\bumper_sensor\debug\bumper_sensor.tlog\cl.command.1.tlog
c:\users\admin\documents\tetra-ds\tetra-ds_lrf_localization\bumper_sensor\debug\bumper_sensor.tlog\cl.read.1.tlog
c:\users\admin\documents\tetra-ds\tetra-ds_lrf_localization\bumper_sensor\debug\bumper_sensor.tlog\cl.write.1.tlog
c:\users\admin\documents\tetra-ds\tetra-ds_lrf_localization\bumper_sensor\debug\bumper_sensor.tlog\link.command.1.tlog
c:\users\admin\documents\tetra-ds\tetra-ds_lrf_localization\bumper_sensor\debug\bumper_sensor.tlog\link.read.1.tlog
c:\users\admin\documents\tetra-ds\tetra-ds_lrf_localization\bumper_sensor\debug\bumper_sensor.tlog\link.write.1.tlog
